
Test-from-Automation>
Test-from-Automation>terminal width 511
Test-from-Automation>terminal length 0
Test-from-Automation>
Test-from-Automation>
Test-from-Automation>enable
Password: 
Test-from-Automation#
Test-from-Automation#
Test-from-Automation#show running-config
Building configuration...

Current configuration : 4173 bytes
!
version 12.2
no service pad
service timestamps debug datetime msec
service timestamps log datetime msec
no service password-encryption
!
hostname Test-from-Automation
!
boot-start-marker
boot-end-marker
!
enable secret 5 $1$9Tn4$ogeORwvyMzt2FlD2ekTBq0
!
username ******** secret 5 $1$j3WC$FeVyfQusP7K.Mn1tRd5gr0
username supawit privilege 14 secret 5 $1$Zus4$AKp.z5NSPTYLkQ8NxICPc/
!
!
no aaa new-model
system mtu routing 1500
!
!
ip domain-name sw2.com
!
!
!
!
!
!
spanning-tree mode pvst
spanning-tree extend system-id
!
vlan internal allocation policy ascending
!
!
!
interface FastEthernet0/1
!
interface FastEthernet0/2
!
interface FastEthernet0/3
!
interface FastEthernet0/4
!
interface FastEthernet0/5
!
interface FastEthernet0/6
 shutdown
!
interface FastEthernet0/7
!
interface FastEthernet0/8
 shutdown
!
interface FastEthernet0/9
!
interface FastEthernet0/10
 switchport mode access
!
interface FastEthernet0/11
 switchport mode access
!
interface FastEthernet0/12
 switchport mode access
!
interface FastEthernet0/13
 switchport mode access
!
interface FastEthernet0/14
 switchport mode access
!
interface FastEthernet0/15
 switchport mode access
!
interface FastEthernet0/16
 switchport mode access
!
interface FastEthernet0/17
 switchport mode access
!
interface FastEthernet0/18
 switchport mode access
!
interface FastEthernet0/19
 switchport mode access
!
interface FastEthernet0/20
 switchport mode access
!
interface FastEthernet0/21
!
interface FastEthernet0/22
!
interface FastEthernet0/23
!
interface FastEthernet0/24
!
interface FastEthernet0/25
!
interface FastEthernet0/26
!
interface FastEthernet0/27
!
interface FastEthernet0/28
!
interface FastEthernet0/29
!
interface FastEthernet0/30
!
interface FastEthernet0/31
!
interface FastEthernet0/32
!
interface FastEthernet0/33
!
interface FastEthernet0/34
!
interface FastEthernet0/35
!
interface FastEthernet0/36
!
interface FastEthernet0/37
!
interface FastEthernet0/38
!
interface FastEthernet0/39
!
interface FastEthernet0/40
!
interface FastEthernet0/41
!
interface FastEthernet0/42
!
interface FastEthernet0/43
!
interface FastEthernet0/44
!
interface FastEthernet0/45
!
interface FastEthernet0/46
!
interface FastEthernet0/47
!
interface FastEthernet0/48
!
interface GigabitEthernet0/1
!
interface GigabitEthernet0/2
!
interface GigabitEthernet0/3
!
interface GigabitEthernet0/4
!
interface Vlan1
 ip address 10.4.15.31 255.255.255.0
!
ip default-gateway 10.4.15.1
ip http server
ip http secure-server
logging trap warnings
logging 10.60.131.107
snmp-server community public RO
snmp-server community private RW
snmp-server enable traps snmp authentication linkdown linkup coldstart warmstart
snmp-server enable traps transceiver all
snmp-server enable traps tty
snmp-server enable traps cluster
snmp-server enable traps entity
snmp-server enable traps cpu threshold
snmp-server enable traps rep
snmp-server enable traps vtp
snmp-server enable traps vlancreate
snmp-server enable traps vlandelete
snmp-server enable traps flash insertion removal
snmp-server enable traps port-security
snmp-server enable traps auth-framework sec-violation
snmp-server enable traps dot1x auth-fail-vlan guest-vlan no-auth-fail-vlan no-guest-vlan
snmp-server enable traps envmon fan shutdown supply temperature status
snmp-server enable traps power-ethernet group 1
snmp-server enable traps power-ethernet police
snmp-server enable traps fru-ctrl
snmp-server enable traps config-copy
snmp-server enable traps config
snmp-server enable traps config-ctid
snmp-server enable traps energywise
snmp-server enable traps rtr
snmp-server enable traps vstack
snmp-server enable traps bridge newroot topologychange
snmp-server enable traps stpx inconsistency root-inconsistency loop-inconsistency
snmp-server enable traps syslog
snmp-server enable traps mac-notification change move threshold
snmp-server enable traps vlan-membership
snmp-server enable traps errdisable
snmp-server host 10.4.60.142 version 2c public 
snmp-server host 10.4.60.150 version 2c public 
!
line con 0
line vty 0 4
 logging synchronous
 login local
 transport input all
line vty 5 15
 logging synchronous
 login local
 transport input all
!
end

Test-from-Automation#
Test-from-Automation#exit
